<?xml version="1.0" encoding="UTF-8"?>
<!--
 * SPDX-FileCopyrightText: Copyright (c) 2022-2025 Yegor Bugayenko
 * SPDX-License-Identifier: MIT
-->
<project xmlns="http://maven.apache.org/POM/4.0.0" xmlns:xsi="http://www.w3.org/2001/XMLSchema-instance" xsi:schemaLocation="http://maven.apache.org/POM/4.0.0 http://maven.apache.org/xsd/maven-4.0.0.xsd">
  <modelVersion>4.0.0</modelVersion>
  <groupId>org.eolang</groupId>
  <artifactId>reo</artifactId>
  <version>1.0-SNAPSHOT</version>
  <packaging>jar</packaging>
  <name>reo</name>
  <build>
    <plugins>
      <plugin>
        <groupId>org.eolang</groupId>
        <artifactId>eo-maven-plugin</artifactId>
        <version>0.35.4</version>
        <executions>
          <execution>
            <id>compile</id>
            <goals>
              <goal>register</goal>
              <goal>assemble</goal>
              <goal>verify</goal>
            </goals>
            <configuration>
              <sourcesDir>${project.basedir}/eo-tests</sourcesDir>
            </configuration>
          </execution>
          <execution>
            <id>sodg-graphs</id>
            <goals>
              <goal>sodg</goal>
            </goals>
            <configuration>
              <sodgIncludes>org.eolang.reo.**</sodgIncludes>
              <generateSodgXmlFiles>true</generateSodgXmlFiles>
              <generateDotFiles>true</generateDotFiles>
              <generateGraphFiles>true</generateGraphFiles>
              <generateXemblyFiles>true</generateXemblyFiles>
            </configuration>
          </execution>
          <execution>
            <id>sodg-everything</id>
            <goals>
              <goal>sodg</goal>
            </goals>
          </execution>
        </executions>
      </plugin>
    </plugins>
  </build>
</project>
